<?xml version="1.0" encoding="UTF-8"?>
<!-- Generated by org.testng.reporters.JUnitReportReporter -->
<testsuite skipped="0" hostname="LHWA5CD6191GC9" name="MyRunner.TestRunnerGoogle" tests="1" failures="0" timestamp="02 paÅº 2018 08:48:41 GMT" time="26.947" errors="0">
  <testcase name="feature" time="26.947" classname="MyRunner.TestRunnerGoogle"/>
</testsuite> <!-- MyRunner.TestRunnerGoogle -->
