<?xml version="1.0" encoding="UTF-8"?>
<!-- Generated by org.testng.reporters.JUnitReportReporter -->
<testsuite skipped="0" hostname="LHWA5CD6191GC9" name="MyRunner.TestRunnerFreeCRM" tests="1" failures="0" timestamp="02 paÅº 2018 08:48:41 GMT" time="11.911" errors="0">
  <testcase name="feature" time="11.911" classname="MyRunner.TestRunnerFreeCRM"/>
</testsuite> <!-- MyRunner.TestRunnerFreeCRM -->
