<?xml version="1.0" encoding="UTF-8"?>
<!-- Generated by org.testng.reporters.JUnitReportReporter -->
<testsuite skipped="0" hostname="Jarek-HP" name="MyRunner.TestRunnerGoogle" tests="1" failures="0" timestamp="03 paÅº 2018 08:38:08 GMT" time="23.309" errors="0">
  <testcase name="feature" time="23.309" classname="MyRunner.TestRunnerGoogle"/>
</testsuite> <!-- MyRunner.TestRunnerGoogle -->
